<?xml version="1.0" encoding="UTF-8"?>
<!-- Generated by org.testng.reporters.JUnitReportReporter -->
<testsuite hostname="LAPTOP-EPRCJ6VN" failures="0" tests="1" name="com.test.ExcelDataRead" time="1.318" errors="0" timestamp="2023-05-30T15:54:25 EDT" skipped="0">
  <testcase classname="com.test.ExcelDataRead" name="GetDataExcel" time="1.318"/>
  <system-out/>
</testsuite> <!-- com.test.ExcelDataRead -->
