<?xml version="1.0" encoding="UTF-8"?>
<!-- Generated by org.testng.reporters.JUnitReportReporter -->
<testsuite hostname="LAPTOP-EPRCJ6VN" failures="0" tests="2" name="com.test.MultiTest" time="4.981" errors="0" timestamp="2023-05-30T15:56:02 EDT" skipped="0">
  <testcase classname="com.test.MultiTest" name="SelectDropDown" time="2.422"/>
  <system-out/>
  <testcase classname="com.test.MultiTest" name="MouseHovering" time="2.559"/>
  <system-out/>
</testsuite> <!-- com.test.MultiTest -->
