<?xml version="1.0" encoding="UTF-8"?>
<!-- Generated by org.testng.reporters.JUnitReportReporter -->
<testsuite hostname="LAPTOP-EPRCJ6VN" failures="0" tests="4" name="com.test.moveovr" time="6.174" errors="0" timestamp="2023-05-16T15:53:48 EDT" skipped="0">
  <testcase classname="com.test.moveovr" name="movetofashn" time="0.661"/>
  <system-out/>
  <testcase classname="com.test.moveovr" name="movertoethic" time="0.195"/>
  <system-out/>
  <testcase classname="com.test.moveovr" name="actlick" time="5.176"/>
  <system-out/>
  <testcase classname="com.test.moveovr" name="actsaara" time="0.142"/>
  <system-out/>
</testsuite> <!-- com.test.moveovr -->
