<?xml version="1.0" encoding="UTF-8"?>
<!-- Generated by org.testng.reporters.JUnitReportReporter -->
<testsuite hostname="LAPTOP-EPRCJ6VN" failures="0" tests="1" name="pract.test.practicemaven.firsttestng" time="20.812" errors="0" timestamp="2023-05-24T14:31:41 EDT" skipped="0">
  <testcase classname="pract.test.practicemaven.firsttestng" name="test1" time="20.812"/>
  <system-out/>
</testsuite> <!-- pract.test.practicemaven.firsttestng -->
