<?xml version="1.0" encoding="UTF-8"?>
<!-- Generated by org.testng.reporters.JUnitReportReporter -->
<testsuite hostname="LAPTOP-EPRCJ6VN" failures="0" tests="4" name="com.test.moveovr" time="6.109" errors="0" timestamp="2023-05-23T15:35:06 EDT" skipped="0">
  <testcase classname="com.test.moveovr" name="movetofashn" time="0.590"/>
  <system-out/>
  <testcase classname="com.test.moveovr" name="movertoethic" time="0.197"/>
  <system-out/>
  <testcase classname="com.test.moveovr" name="actlick" time="5.170"/>
  <system-out/>
  <testcase classname="com.test.moveovr" name="actsaara" time="0.152"/>
  <system-out/>
</testsuite> <!-- com.test.moveovr -->
